# JRE version: OpenJDK Runtime Environment Temurin-21.0.8+9 (21.0.8+9) (build 21.0.8+9-LTS)
# Java VM: OpenJDK 64-Bit Server VM Temurin-21.0.8+9 (21.0.8+9-LTS, mixed mode, sharing, tiered, compressed oops, compressed class ptrs, parallel gc, windows-amd64)
GC Precious Log:
 CardTable entry size: 512
 CPUs: 12 total, 12 available
 Memory: 7893M
 Large Page Support: Disabled
 NUMA Support: Disabled
 Compressed Oops: Enabled (32-bit)
 Alignments: Space 512K, Generation 512K, Heap 2M
 Heap Min Capacity: 100M
 Heap Initial Capacity: 100M
 Heap Max Capacity: 2G
 Pre-touch: Disabled
 Parallel Workers: 10
Heap:
 PSYoungGen      total 23040K, used 4204K [0x00000000d5580000, 0x00000000d7400000, 0x0000000100000000)
  eden space 22016K, 14% used [0x00000000d5580000,0x00000000d589b018,0x00000000d6b00000)
  from space 1024K, 100% used [0x00000000d7100000,0x00000000d7200000,0x00000000d7200000)
  to   space 4608K, 0% used [0x00000000d6b00000,0x00000000d6b00000,0x00000000d6f80000)
 ParOldGen       total 124416K, used 123968K [0x0000000080000000, 0x0000000087980000, 0x00000000d5580000)
  object space 124416K, 99% used [0x0000000080000000,0x00000000879100d8,0x0000000087980000)
 Metaspace       used 57160K, committed 58624K, reserved 1114112K
  class space    used 6200K, committed 6848K, reserved 1048576K
GC Heap History (20 events):
Event: 9.197 GC heap before
{Heap before GC invocations=31 (full 2):
 PSYoungGen      total 23040K, used 22688K [0x00000000d5580000, 0x00000000d6d80000, 0x0000000100000000)
  eden space 22016K, 100% used [0x00000000d5580000,0x00000000d6b00000,0x00000000d6b00000)
  from space 1024K, 65% used [0x00000000d6c80000,0x00000000d6d28000,0x00000000d6d80000)
  to   space 1024K, 0% used [0x00000000d6b80000,0x00000000d6b80000,0x00000000d6c80000)
 ParOldGen       total 68608K, used 52401K [0x0000000080000000, 0x0000000084300000, 0x00000000d5580000)
  object space 68608K, 76% used [0x0000000080000000,0x000000008332c7b8,0x0000000084300000)
 Metaspace       used 55316K, committed 56768K, reserved 1114112K
  class space    used 6039K, committed 6656K, reserved 1048576K
}
Event: 9.200 GC heap after
{Heap after GC invocations=31 (full 2):
 PSYoungGen      total 23040K, used 1024K [0x00000000d5580000, 0x00000000d7100000, 0x0000000100000000)
  eden space 22016K, 0% used [0x00000000d5580000,0x00000000d5580000,0x00000000d6b00000)
  from space 1024K, 100% used [0x00000000d6b80000,0x00000000d6c80000,0x00000000d6c80000)
  to   space 3072K, 0% used [0x00000000d6e00000,0x00000000d6e00000,0x00000000d7100000)
 ParOldGen       total 68608K, used 53759K [0x0000000080000000, 0x0000000084300000, 0x00000000d5580000)
  object space 68608K, 78% used [0x0000000080000000,0x000000008347fc10,0x0000000084300000)
 Metaspace       used 55316K, committed 56768K, reserved 1114112K
  class space    used 6039K, committed 6656K, reserved 1048576K
}
Event: 9.408 GC heap before
{Heap before GC invocations=32 (full 2):
 PSYoungGen      total 23040K, used 23040K [0x00000000d5580000, 0x00000000d7100000, 0x0000000100000000)
  eden space 22016K, 100% used [0x00000000d5580000,0x00000000d6b00000,0x00000000d6b00000)
  from space 1024K, 100% used [0x00000000d6b80000,0x00000000d6c80000,0x00000000d6c80000)
  to   space 3072K, 0% used [0x00000000d6e00000,0x00000000d6e00000,0x00000000d7100000)
 ParOldGen       total 68608K, used 53759K [0x0000000080000000, 0x0000000084300000, 0x00000000d5580000)
  object space 68608K, 78% used [0x0000000080000000,0x000000008347fc10,0x0000000084300000)
 Metaspace       used 55555K, committed 57024K, reserved 1114112K
  class space    used 6054K, committed 6720K, reserved 1048576K
}
Event: 9.412 GC heap after
{Heap after GC invocations=32 (full 2):
 PSYoungGen      total 24064K, used 1593K [0x00000000d5580000, 0x00000000d7000000, 0x0000000100000000)
  eden space 22016K, 0% used [0x00000000d5580000,0x00000000d5580000,0x00000000d6b00000)
  from space 2048K, 77% used [0x00000000d6e00000,0x00000000d6f8e6b8,0x00000000d7000000)
  to   space 2048K, 0% used [0x00000000d6c00000,0x00000000d6c00000,0x00000000d6e00000)
 ParOldGen       total 68608K, used 54639K [0x0000000080000000, 0x0000000084300000, 0x00000000d5580000)
  object space 68608K, 79% used [0x0000000080000000,0x000000008355bf88,0x0000000084300000)
 Metaspace       used 55555K, committed 57024K, reserved 1114112K
  class space    used 6054K, committed 6720K, reserved 1048576K
}
Event: 9.674 GC heap before
{Heap before GC invocations=33 (full 2):
 PSYoungGen      total 24064K, used 23609K [0x00000000d5580000, 0x00000000d7000000, 0x0000000100000000)
  eden space 22016K, 100% used [0x00000000d5580000,0x00000000d6b00000,0x00000000d6b00000)
  from space 2048K, 77% used [0x00000000d6e00000,0x00000000d6f8e6b8,0x00000000d7000000)
  to   space 2048K, 0% used [0x00000000d6c00000,0x00000000d6c00000,0x00000000d6e00000)
 ParOldGen       total 68608K, used 54639K [0x0000000080000000, 0x0000000084300000, 0x00000000d5580000)
  object space 68608K, 79% used [0x0000000080000000,0x000000008355bf88,0x0000000084300000)
 Metaspace       used 55709K, committed 57152K, reserved 1114112K
  class space    used 6067K, committed 6720K, reserved 1048576K
}
Event: 9.676 GC heap after
{Heap after GC invocations=33 (full 2):
 PSYoungGen      total 24064K, used 1560K [0x00000000d5580000, 0x00000000d6f00000, 0x0000000100000000)
  eden space 22016K, 0% used [0x00000000d5580000,0x00000000d5580000,0x00000000d6b00000)
  from space 2048K, 76% used [0x00000000d6c00000,0x00000000d6d86060,0x00000000d6e00000)
  to   space 1024K, 0% used [0x00000000d6e00000,0x00000000d6e00000,0x00000000d6f00000)
 ParOldGen       total 68608K, used 55784K [0x0000000080000000, 0x0000000084300000, 0x00000000d5580000)
  object space 68608K, 81% used [0x0000000080000000,0x000000008367a328,0x0000000084300000)
 Metaspace       used 55709K, committed 57152K, reserved 1114112K
  class space    used 6067K, committed 6720K, reserved 1048576K
}
Event: 9.735 GC heap before
{Heap before GC invocations=34 (full 2):
 PSYoungGen      total 24064K, used 23576K [0x00000000d5580000, 0x00000000d6f00000, 0x0000000100000000)
  eden space 22016K, 100% used [0x00000000d5580000,0x00000000d6b00000,0x00000000d6b00000)
  from space 2048K, 76% used [0x00000000d6c00000,0x00000000d6d86060,0x00000000d6e00000)
  to   space 1024K, 0% used [0x00000000d6e00000,0x00000000d6e00000,0x00000000d6f00000)
 ParOldGen       total 68608K, used 55784K [0x0000000080000000, 0x0000000084300000, 0x00000000d5580000)
  object space 68608K, 81% used [0x0000000080000000,0x000000008367a328,0x0000000084300000)
 Metaspace       used 55792K, committed 57216K, reserved 1114112K
  class space    used 6070K, committed 6720K, reserved 1048576K
}
Event: 9.737 GC heap after
{Heap after GC invocations=34 (full 2):
 PSYoungGen      total 23040K, used 635K [0x00000000d5580000, 0x00000000d6f00000, 0x0000000100000000)
  eden space 22016K, 0% used [0x00000000d5580000,0x00000000d5580000,0x00000000d6b00000)
  from space 1024K, 62% used [0x00000000d6e00000,0x00000000d6e9ef28,0x00000000d6f00000)
  to   space 1024K, 0% used [0x00000000d6d00000,0x00000000d6d00000,0x00000000d6e00000)
 ParOldGen       total 68608K, used 57085K [0x0000000080000000, 0x0000000084300000, 0x00000000d5580000)
  object space 68608K, 83% used [0x0000000080000000,0x00000000837bf7e8,0x0000000084300000)
 Metaspace       used 55792K, committed 57216K, reserved 1114112K
  class space    used 6070K, committed 6720K, reserved 1048576K
}
Event: 9.779 GC heap before
{Heap before GC invocations=35 (full 2):
 PSYoungGen      total 23040K, used 22651K [0x00000000d5580000, 0x00000000d6f00000, 0x0000000100000000)
  eden space 22016K, 100% used [0x00000000d5580000,0x00000000d6b00000,0x00000000d6b00000)
  from space 1024K, 62% used [0x00000000d6e00000,0x00000000d6e9ef28,0x00000000d6f00000)
  to   space 1024K, 0% used [0x00000000d6d00000,0x00000000d6d00000,0x00000000d6e00000)
 ParOldGen       total 68608K, used 57085K [0x0000000080000000, 0x0000000084300000, 0x00000000d5580000)
  object space 68608K, 83% used [0x0000000080000000,0x00000000837bf7e8,0x0000000084300000)
 Metaspace       used 55796K, committed 57216K, reserved 1114112K
  class space    used 6070K, committed 6720K, reserved 1048576K
}
Event: 9.781 GC heap after
{Heap after GC invocations=35 (full 2):
 PSYoungGen      total 22528K, used 503K [0x00000000d5580000, 0x00000000d6e80000, 0x0000000100000000)
  eden space 22016K, 0% used [0x00000000d5580000,0x00000000d5580000,0x00000000d6b00000)
  from space 512K, 98% used [0x00000000d6d00000,0x00000000d6d7ddc0,0x00000000d6d80000)
  to   space 1024K, 0% used [0x00000000d6d80000,0x00000000d6d80000,0x00000000d6e80000)
 ParOldGen       total 68608K, used 57475K [0x0000000080000000, 0x0000000084300000, 0x00000000d5580000)
  object space 68608K, 83% used [0x0000000080000000,0x0000000083820c70,0x0000000084300000)
 Metaspace       used 55796K, committed 57216K, reserved 1114112K
  class space    used 6070K, committed 6720K, reserved 1048576K
}
Event: 9.856 GC heap before
{Heap before GC invocations=36 (full 2):
 PSYoungGen      total 22528K, used 22519K [0x00000000d5580000, 0x00000000d6e80000, 0x0000000100000000)
  eden space 22016K, 100% used [0x00000000d5580000,0x00000000d6b00000,0x00000000d6b00000)
  from space 512K, 98% used [0x00000000d6d00000,0x00000000d6d7ddc0,0x00000000d6d80000)
  to   space 1024K, 0% used [0x00000000d6d80000,0x00000000d6d80000,0x00000000d6e80000)
 ParOldGen       total 68608K, used 57475K [0x0000000080000000, 0x0000000084300000, 0x00000000d5580000)
  object space 68608K, 83% used [0x0000000080000000,0x0000000083820c70,0x0000000084300000)
 Metaspace       used 55867K, committed 57344K, reserved 1114112K
  class space    used 6077K, committed 6720K, reserved 1048576K
}
Event: 9.859 GC heap after
{Heap after GC invocations=36 (full 2):
 PSYoungGen      total 23040K, used 673K [0x00000000d5580000, 0x00000000d6e80000, 0x0000000100000000)
  eden space 22016K, 0% used [0x00000000d5580000,0x00000000d5580000,0x00000000d6b00000)
  from space 1024K, 65% used [0x00000000d6d80000,0x00000000d6e28538,0x00000000d6e80000)
  to   space 1024K, 0% used [0x00000000d6c80000,0x00000000d6c80000,0x00000000d6d80000)
 ParOldGen       total 68608K, used 57618K [0x0000000080000000, 0x0000000084300000, 0x00000000d5580000)
  object space 68608K, 83% used [0x0000000080000000,0x00000000838448c8,0x0000000084300000)
 Metaspace       used 55867K, committed 57344K, reserved 1114112K
  class space    used 6077K, committed 6720K, reserved 1048576K
}
Event: 9.960 GC heap before
{Heap before GC invocations=37 (full 2):
 PSYoungGen      total 23040K, used 22689K [0x00000000d5580000, 0x00000000d6e80000, 0x0000000100000000)
  eden space 22016K, 100% used [0x00000000d5580000,0x00000000d6b00000,0x00000000d6b00000)
  from space 1024K, 65% used [0x00000000d6d80000,0x00000000d6e28538,0x00000000d6e80000)
  to   space 1024K, 0% used [0x00000000d6c80000,0x00000000d6c80000,0x00000000d6d80000)
 ParOldGen       total 68608K, used 57618K [0x0000000080000000, 0x0000000084300000, 0x00000000d5580000)
  object space 68608K, 83% used [0x0000000080000000,0x00000000838448c8,0x0000000084300000)
 Metaspace       used 56177K, committed 57536K, reserved 1114112K
  class space    used 6100K, committed 6720K, reserved 1048576K
}
Event: 9.962 GC heap after
{Heap after GC invocations=37 (full 2):
 PSYoungGen      total 23040K, used 909K [0x00000000d5580000, 0x00000000d6e00000, 0x0000000100000000)
  eden space 22016K, 0% used [0x00000000d5580000,0x00000000d5580000,0x00000000d6b00000)
  from space 1024K, 88% used [0x00000000d6c80000,0x00000000d6d63790,0x00000000d6d80000)
  to   space 512K, 0% used [0x00000000d6d80000,0x00000000d6d80000,0x00000000d6e00000)
 ParOldGen       total 68608K, used 59282K [0x0000000080000000, 0x0000000084300000, 0x00000000d5580000)
  object space 68608K, 86% used [0x0000000080000000,0x00000000839e4ab0,0x0000000084300000)
 Metaspace       used 56177K, committed 57536K, reserved 1114112K
  class space    used 6100K, committed 6720K, reserved 1048576K
}
Event: 10.019 GC heap before
{Heap before GC invocations=38 (full 2):
 PSYoungGen      total 23040K, used 22918K [0x00000000d5580000, 0x00000000d6e00000, 0x0000000100000000)
  eden space 22016K, 99% used [0x00000000d5580000,0x00000000d6afe188,0x00000000d6b00000)
  from space 1024K, 88% used [0x00000000d6c80000,0x00000000d6d63790,0x00000000d6d80000)
  to   space 512K, 0% used [0x00000000d6d80000,0x00000000d6d80000,0x00000000d6e00000)
 ParOldGen       total 68608K, used 59298K [0x0000000080000000, 0x0000000084300000, 0x00000000d5580000)
  object space 68608K, 86% used [0x0000000080000000,0x00000000839e8ac0,0x0000000084300000)
 Metaspace       used 56397K, committed 57792K, reserved 1114112K
  class space    used 6124K, committed 6720K, reserved 1048576K
}
Event: 10.021 GC heap after
{Heap after GC invocations=38 (full 2):
 PSYoungGen      total 22528K, used 502K [0x00000000d5580000, 0x00000000d6f00000, 0x0000000100000000)
  eden space 22016K, 0% used [0x00000000d5580000,0x00000000d5580000,0x00000000d6b00000)
  from space 512K, 98% used [0x00000000d6d80000,0x00000000d6dfdbc0,0x00000000d6e00000)
  to   space 2048K, 0% used [0x00000000d6b00000,0x00000000d6b00000,0x00000000d6d00000)
 ParOldGen       total 68608K, used 60276K [0x0000000080000000, 0x0000000084300000, 0x00000000d5580000)
  object space 68608K, 87% used [0x0000000080000000,0x0000000083add1b8,0x0000000084300000)
 Metaspace       used 56397K, committed 57792K, reserved 1114112K
  class space    used 6124K, committed 6720K, reserved 1048576K
}
Event: 10.175 GC heap before
{Heap before GC invocations=39 (full 2):
 PSYoungGen      total 22528K, used 22518K [0x00000000d5580000, 0x00000000d6f00000, 0x0000000100000000)
  eden space 22016K, 100% used [0x00000000d5580000,0x00000000d6b00000,0x00000000d6b00000)
  from space 512K, 98% used [0x00000000d6d80000,0x00000000d6dfdbc0,0x00000000d6e00000)
  to   space 2048K, 0% used [0x00000000d6b00000,0x00000000d6b00000,0x00000000d6d00000)
 ParOldGen       total 91648K, used 89969K [0x0000000080000000, 0x0000000085980000, 0x00000000d5580000)
  object space 91648K, 98% used [0x0000000080000000,0x00000000857dc518,0x0000000085980000)
 Metaspace       used 56769K, committed 58304K, reserved 1114112K
  class space    used 6162K, committed 6848K, reserved 1048576K
}
Event: 10.177 GC heap after
{Heap after GC invocations=39 (full 2):
 PSYoungGen      total 23040K, used 983K [0x00000000d5580000, 0x00000000d6e00000, 0x0000000100000000)
  eden space 22016K, 0% used [0x00000000d5580000,0x00000000d5580000,0x00000000d6b00000)
  from space 1024K, 96% used [0x00000000d6b00000,0x00000000d6bf5c98,0x00000000d6c00000)
  to   space 1536K, 0% used [0x00000000d6c80000,0x00000000d6c80000,0x00000000d6e00000)
 ParOldGen       total 93184K, used 91733K [0x0000000080000000, 0x0000000085b00000, 0x00000000d5580000)
  object space 93184K, 98% used [0x0000000080000000,0x0000000085995698,0x0000000085b00000)
 Metaspace       used 56769K, committed 58304K, reserved 1114112K
  class space    used 6162K, committed 6848K, reserved 1048576K
}
Event: 10.237 GC heap before
{Heap before GC invocations=40 (full 2):
 PSYoungGen      total 23040K, used 22999K [0x00000000d5580000, 0x00000000d6e00000, 0x0000000100000000)
  eden space 22016K, 100% used [0x00000000d5580000,0x00000000d6b00000,0x00000000d6b00000)
  from space 1024K, 96% used [0x00000000d6b00000,0x00000000d6bf5c98,0x00000000d6c00000)
  to   space 1536K, 0% used [0x00000000d6c80000,0x00000000d6c80000,0x00000000d6e00000)
 ParOldGen       total 104448K, used 102743K [0x0000000080000000, 0x0000000086600000, 0x00000000d5580000)
  object space 104448K, 98% used [0x0000000080000000,0x0000000086455c38,0x0000000086600000)
 Metaspace       used 56898K, committed 58368K, reserved 1114112K
  class space    used 6176K, committed 6848K, reserved 1048576K
}
Event: 10.240 GC heap after
{Heap after GC invocations=40 (full 2):
 PSYoungGen      total 23552K, used 1512K [0x00000000d5580000, 0x00000000d6e00000, 0x0000000100000000)
  eden space 22016K, 0% used [0x00000000d5580000,0x00000000d5580000,0x00000000d6b00000)
  from space 1536K, 98% used [0x00000000d6c80000,0x00000000d6dfa2c0,0x00000000d6e00000)
  to   space 1024K, 0% used [0x00000000d6b00000,0x00000000d6b00000,0x00000000d6c00000)
 ParOldGen       total 104960K, used 104648K [0x0000000080000000, 0x0000000086680000, 0x00000000d5580000)
  object space 104960K, 99% used [0x0000000080000000,0x00000000866322a8,0x0000000086680000)
 Metaspace       used 56898K, committed 58368K, reserved 1114112K
  class space    used 6176K, committed 6848K, reserved 1048576K
}

