# JRE version: Java(TM) SE Runtime Environment (17.0.10+11) (build 17.0.10+11-LTS-240)
# Java VM: Java HotSpot(TM) 64-Bit Server VM (17.0.10+11-LTS-240, mixed mode, emulated-client, sharing, tiered, compressed oops, compressed class ptrs, g1 gc, windows-amd64)
GC Precious Log:
 CPUs: 12 total, 12 available
 Memory: 7893M
 Large Page Support: Disabled
 NUMA Support: Disabled
 Compressed Oops: Enabled (32-bit)
 Heap Region Size: 1M
 Heap Min Capacity: 8M
 Heap Initial Capacity: 124M
 Heap Max Capacity: 1974M
 Pre-touch: Disabled
 Parallel Workers: 10
 Concurrent Workers: 3
 Concurrent Refinement Workers: 10
 Periodic GC: Disabled
Heap:
 garbage-first heap   total 78848K, used 28808K [0x0000000084a00000, 0x0000000100000000)
  region size 1024K, 9 young (9216K), 5 survivors (5120K)
 Metaspace       used 36349K, committed 36800K, reserved 1114112K
  class space    used 5053K, committed 5248K, reserved 1048576K
GC Heap History (14 events):
Event: 0.525 GC heap before
{Heap before GC invocations=0 (full 0):
 garbage-first heap   total 126976K, used 23552K [0x0000000084a00000, 0x0000000100000000)
  region size 1024K, 23 young (23552K), 0 survivors (0K)
 Metaspace       used 3553K, committed 3712K, reserved 1114112K
  class space    used 470K, committed 576K, reserved 1048576K
}
Event: 0.532 GC heap after
{Heap after GC invocations=1 (full 0):
 garbage-first heap   total 126976K, used 8392K [0x0000000084a00000, 0x0000000100000000)
  region size 1024K, 3 young (3072K), 3 survivors (3072K)
 Metaspace       used 3553K, committed 3712K, reserved 1114112K
  class space    used 470K, committed 576K, reserved 1048576K
}
Event: 1.084 GC heap before
{Heap before GC invocations=1 (full 0):
 garbage-first heap   total 126976K, used 31944K [0x0000000084a00000, 0x0000000100000000)
  region size 1024K, 26 young (26624K), 3 survivors (3072K)
 Metaspace       used 8850K, committed 9088K, reserved 1114112K
  class space    used 1312K, committed 1408K, reserved 1048576K
}
Event: 1.089 GC heap after
{Heap after GC invocations=2 (full 0):
 garbage-first heap   total 126976K, used 10916K [0x0000000084a00000, 0x0000000100000000)
  region size 1024K, 2 young (2048K), 2 survivors (2048K)
 Metaspace       used 8850K, committed 9088K, reserved 1114112K
  class space    used 1312K, committed 1408K, reserved 1048576K
}
Event: 1.462 GC heap before
{Heap before GC invocations=2 (full 0):
 garbage-first heap   total 126976K, used 58020K [0x0000000084a00000, 0x0000000100000000)
  region size 1024K, 49 young (50176K), 2 survivors (2048K)
 Metaspace       used 17739K, committed 18048K, reserved 1114112K
  class space    used 2513K, committed 2688K, reserved 1048576K
}
Event: 1.467 GC heap after
{Heap after GC invocations=3 (full 0):
 garbage-first heap   total 126976K, used 14156K [0x0000000084a00000, 0x0000000100000000)
  region size 1024K, 6 young (6144K), 6 survivors (6144K)
 Metaspace       used 17739K, committed 18048K, reserved 1114112K
  class space    used 2513K, committed 2688K, reserved 1048576K
}
Event: 1.972 GC heap before
{Heap before GC invocations=3 (full 0):
 garbage-first heap   total 126976K, used 47948K [0x0000000084a00000, 0x0000000100000000)
  region size 1024K, 40 young (40960K), 6 survivors (6144K)
 Metaspace       used 21174K, committed 21504K, reserved 1114112K
  class space    used 3006K, committed 3200K, reserved 1048576K
}
Event: 1.981 GC heap after
{Heap after GC invocations=4 (full 0):
 garbage-first heap   total 126976K, used 18137K [0x0000000084a00000, 0x0000000100000000)
  region size 1024K, 9 young (9216K), 9 survivors (9216K)
 Metaspace       used 21174K, committed 21504K, reserved 1114112K
  class space    used 3006K, committed 3200K, reserved 1048576K
}
Event: 2.569 GC heap before
{Heap before GC invocations=5 (full 0):
 garbage-first heap   total 65536K, used 47833K [0x0000000084a00000, 0x0000000100000000)
  region size 1024K, 38 young (38912K), 9 survivors (9216K)
 Metaspace       used 24735K, committed 25152K, reserved 1114112K
  class space    used 3517K, committed 3712K, reserved 1048576K
}
Event: 2.580 GC heap after
{Heap after GC invocations=6 (full 0):
 garbage-first heap   total 78848K, used 19404K [0x0000000084a00000, 0x0000000100000000)
  region size 1024K, 3 young (3072K), 3 survivors (3072K)
 Metaspace       used 24735K, committed 25152K, reserved 1114112K
  class space    used 3517K, committed 3712K, reserved 1048576K
}
Event: 3.316 GC heap before
{Heap before GC invocations=6 (full 0):
 garbage-first heap   total 78848K, used 56268K [0x0000000084a00000, 0x0000000100000000)
  region size 1024K, 38 young (38912K), 3 survivors (3072K)
 Metaspace       used 30775K, committed 31168K, reserved 1114112K
  class space    used 4359K, committed 4544K, reserved 1048576K
}
Event: 3.330 GC heap after
{Heap after GC invocations=7 (full 0):
 garbage-first heap   total 78848K, used 21934K [0x0000000084a00000, 0x0000000100000000)
  region size 1024K, 5 young (5120K), 5 survivors (5120K)
 Metaspace       used 30775K, committed 31168K, reserved 1114112K
  class space    used 4359K, committed 4544K, reserved 1048576K
}
Event: 3.857 GC heap before
{Heap before GC invocations=7 (full 0):
 garbage-first heap   total 78848K, used 44462K [0x0000000084a00000, 0x0000000100000000)
  region size 1024K, 28 young (28672K), 5 survivors (5120K)
 Metaspace       used 35519K, committed 35968K, reserved 1114112K
  class space    used 4970K, committed 5184K, reserved 1048576K
}
Event: 3.865 GC heap after
{Heap after GC invocations=8 (full 0):
 garbage-first heap   total 78848K, used 25736K [0x0000000084a00000, 0x0000000100000000)
  region size 1024K, 5 young (5120K), 5 survivors (5120K)
 Metaspace       used 35519K, committed 35968K, reserved 1114112K
  class space    used 4970K, committed 5184K, reserved 1048576K
}

