# JRE version: Java(TM) SE Runtime Environment (17.0.10+11) (build 17.0.10+11-LTS-240)
# Java VM: Java HotSpot(TM) 64-Bit Server VM (17.0.10+11-LTS-240, mixed mode, sharing, tiered, compressed oops, compressed class ptrs, g1 gc, windows-amd64)
GC Precious Log:
 CPUs: 12 total, 12 available
 Memory: 7893M
 Large Page Support: Disabled
 NUMA Support: Disabled
 Compressed Oops: Enabled (32-bit)
 Heap Region Size: 1M
 Heap Min Capacity: 8M
 Heap Initial Capacity: 124M
 Heap Max Capacity: 1974M
 Pre-touch: Disabled
 Parallel Workers: 10
 Concurrent Workers: 3
 Concurrent Refinement Workers: 10
 Periodic GC: Disabled
Heap:
 garbage-first heap   total 162816K, used 76544K [0x0000000084a00000, 0x0000000100000000)
  region size 1024K, 8 young (8192K), 2 survivors (2048K)
 Metaspace       used 31256K, committed 32256K, reserved 1114112K
  class space    used 3521K, committed 3904K, reserved 1048576K
GC Heap History (20 events):
Event: 8.379 GC heap before
{Heap before GC invocations=4 (full 0):
 garbage-first heap   total 126976K, used 75243K [0x0000000084a00000, 0x0000000100000000)
  region size 1024K, 57 young (58368K), 6 survivors (6144K)
 Metaspace       used 21251K, committed 21504K, reserved 1114112K
  class space    used 2459K, committed 2624K, reserved 1048576K
}
Event: 8.408 GC heap after
{Heap after GC invocations=5 (full 0):
 garbage-first heap   total 126976K, used 28672K [0x0000000084a00000, 0x0000000100000000)
  region size 1024K, 6 young (6144K), 6 survivors (6144K)
 Metaspace       used 21251K, committed 21504K, reserved 1114112K
  class space    used 2459K, committed 2624K, reserved 1048576K
}
Event: 9.495 GC heap before
{Heap before GC invocations=6 (full 0):
 garbage-first heap   total 99328K, used 81920K [0x0000000084a00000, 0x0000000100000000)
  region size 1024K, 58 young (59392K), 6 survivors (6144K)
 Metaspace       used 26085K, committed 26432K, reserved 1114112K
  class space    used 2982K, committed 3136K, reserved 1048576K
}
Event: 9.523 GC heap after
{Heap after GC invocations=7 (full 0):
 garbage-first heap   total 106496K, used 44544K [0x0000000084a00000, 0x0000000100000000)
  region size 1024K, 8 young (8192K), 8 survivors (8192K)
 Metaspace       used 26085K, committed 26432K, reserved 1114112K
  class space    used 2982K, committed 3136K, reserved 1048576K
}
Event: 9.937 GC heap before
{Heap before GC invocations=7 (full 0):
 garbage-first heap   total 106496K, used 76288K [0x0000000084a00000, 0x0000000100000000)
  region size 1024K, 39 young (39936K), 8 survivors (8192K)
 Metaspace       used 27069K, committed 27392K, reserved 1114112K
  class space    used 3065K, committed 3200K, reserved 1048576K
}
Event: 9.959 GC heap after
{Heap after GC invocations=8 (full 0):
 garbage-first heap   total 106496K, used 51200K [0x0000000084a00000, 0x0000000100000000)
  region size 1024K, 5 young (5120K), 5 survivors (5120K)
 Metaspace       used 27069K, committed 27392K, reserved 1114112K
  class space    used 3065K, committed 3200K, reserved 1048576K
}
Event: 10.533 GC heap before
{Heap before GC invocations=8 (full 0):
 garbage-first heap   total 106496K, used 77824K [0x0000000084a00000, 0x0000000100000000)
  region size 1024K, 32 young (32768K), 5 survivors (5120K)
 Metaspace       used 28577K, committed 28864K, reserved 1114112K
  class space    used 3242K, committed 3392K, reserved 1048576K
}
Event: 10.543 GC heap after
{Heap after GC invocations=9 (full 0):
 garbage-first heap   total 129024K, used 53248K [0x0000000084a00000, 0x0000000100000000)
  region size 1024K, 2 young (2048K), 2 survivors (2048K)
 Metaspace       used 28577K, committed 28864K, reserved 1114112K
  class space    used 3242K, committed 3392K, reserved 1048576K
}
Event: 11.272 GC heap before
{Heap before GC invocations=9 (full 0):
 garbage-first heap   total 129024K, used 94208K [0x0000000084a00000, 0x0000000100000000)
  region size 1024K, 42 young (43008K), 2 survivors (2048K)
 Metaspace       used 30355K, committed 30656K, reserved 1114112K
  class space    used 3447K, committed 3584K, reserved 1048576K
}
Event: 11.280 GC heap after
{Heap after GC invocations=10 (full 0):
 garbage-first heap   total 129024K, used 54148K [0x0000000084a00000, 0x0000000100000000)
  region size 1024K, 3 young (3072K), 3 survivors (3072K)
 Metaspace       used 30355K, committed 30656K, reserved 1114112K
  class space    used 3447K, committed 3584K, reserved 1048576K
}
Event: 12.754 GC heap before
{Heap before GC invocations=10 (full 0):
 garbage-first heap   total 129024K, used 100228K [0x0000000084a00000, 0x0000000100000000)
  region size 1024K, 45 young (46080K), 3 survivors (3072K)
 Metaspace       used 31483K, committed 31936K, reserved 1114112K
  class space    used 3557K, committed 3776K, reserved 1048576K
}
Event: 12.779 GC heap after
{Heap after GC invocations=11 (full 0):
 garbage-first heap   total 129024K, used 63889K [0x0000000084a00000, 0x0000000100000000)
  region size 1024K, 6 young (6144K), 6 survivors (6144K)
 Metaspace       used 31483K, committed 31936K, reserved 1114112K
  class space    used 3557K, committed 3776K, reserved 1048576K
}
Event: 13.328 GC heap before
{Heap before GC invocations=11 (full 0):
 garbage-first heap   total 129024K, used 98705K [0x0000000084a00000, 0x0000000100000000)
  region size 1024K, 40 young (40960K), 6 survivors (6144K)
 Metaspace       used 31497K, committed 31936K, reserved 1114112K
  class space    used 3557K, committed 3776K, reserved 1048576K
}
Event: 13.348 GC heap after
{Heap after GC invocations=12 (full 0):
 garbage-first heap   total 129024K, used 78640K [0x0000000084a00000, 0x0000000100000000)
  region size 1024K, 5 young (5120K), 5 survivors (5120K)
 Metaspace       used 31497K, committed 31936K, reserved 1114112K
  class space    used 3557K, committed 3776K, reserved 1048576K
}
Event: 13.733 GC heap before
{Heap before GC invocations=13 (full 0):
 garbage-first heap   total 135168K, used 99120K [0x0000000084a00000, 0x0000000100000000)
  region size 1024K, 25 young (25600K), 5 survivors (5120K)
 Metaspace       used 31519K, committed 31936K, reserved 1114112K
  class space    used 3557K, committed 3776K, reserved 1048576K
}
Event: 13.743 GC heap after
{Heap after GC invocations=14 (full 0):
 garbage-first heap   total 135168K, used 84480K [0x0000000084a00000, 0x0000000100000000)
  region size 1024K, 4 young (4096K), 4 survivors (4096K)
 Metaspace       used 31519K, committed 31936K, reserved 1114112K
  class space    used 3557K, committed 3776K, reserved 1048576K
}
Event: 13.850 GC heap before
{Heap before GC invocations=14 (full 0):
 garbage-first heap   total 135168K, used 85504K [0x0000000084a00000, 0x0000000100000000)
  region size 1024K, 6 young (6144K), 4 survivors (4096K)
 Metaspace       used 31646K, committed 32128K, reserved 1114112K
  class space    used 3570K, committed 3840K, reserved 1048576K
}
Event: 13.858 GC heap after
{Heap after GC invocations=15 (full 0):
 garbage-first heap   total 162816K, used 75377K [0x0000000084a00000, 0x0000000100000000)
  region size 1024K, 1 young (1024K), 1 survivors (1024K)
 Metaspace       used 31646K, committed 32128K, reserved 1114112K
  class space    used 3570K, committed 3840K, reserved 1048576K
}
Event: 14.837 GC heap before
{Heap before GC invocations=15 (full 0):
 garbage-first heap   total 162816K, used 116337K [0x0000000084a00000, 0x0000000100000000)
  region size 1024K, 42 young (43008K), 1 survivors (1024K)
 Metaspace       used 32945K, committed 33344K, reserved 1114112K
  class space    used 3727K, committed 3968K, reserved 1048576K
}
Event: 14.842 GC heap after
{Heap after GC invocations=16 (full 0):
 garbage-first heap   total 162816K, used 76544K [0x0000000084a00000, 0x0000000100000000)
  region size 1024K, 2 young (2048K), 2 survivors (2048K)
 Metaspace       used 32945K, committed 33344K, reserved 1114112K
  class space    used 3727K, committed 3968K, reserved 1048576K
}

