# JRE version: OpenJDK Runtime Environment Temurin-21.0.8+9 (21.0.8+9) (build 21.0.8+9-LTS)
# Java VM: OpenJDK 64-Bit Server VM Temurin-21.0.8+9 (21.0.8+9-LTS, mixed mode, sharing, tiered, compressed oops, compressed class ptrs, parallel gc, windows-amd64)
GC Precious Log:
 CardTable entry size: 512
 CPUs: 12 total, 12 available
 Memory: 7893M
 Large Page Support: Disabled
 NUMA Support: Disabled
 Compressed Oops: Enabled (32-bit)
 Alignments: Space 512K, Generation 512K, Heap 2M
 Heap Min Capacity: 100M
 Heap Initial Capacity: 100M
 Heap Max Capacity: 2G
 Pre-touch: Disabled
 Parallel Workers: 10
Heap:
 PSYoungGen      total 21504K, used 21378K [0x00000000d5580000, 0x00000000d6b80000, 0x0000000100000000)
  eden space 20480K, 100% used [0x00000000d5580000,0x00000000d6980000,0x00000000d6980000)
  from space 1024K, 87% used [0x00000000d6a80000,0x00000000d6b60800,0x00000000d6b80000)
  to   space 1024K, 62% used [0x00000000d6980000,0x00000000d6a20020,0x00000000d6a80000)
 ParOldGen       total 89600K, used 89233K [0x0000000080000000, 0x0000000085780000, 0x00000000d5580000)
  object space 89600K, 99% used [0x0000000080000000,0x0000000085724520,0x0000000085780000)
 Metaspace       used 57423K, committed 58880K, reserved 1114112K
  class space    used 6134K, committed 6784K, reserved 1048576K
GC Heap History (20 events):
Event: 11.742 GC heap before
{Heap before GC invocations=77 (full 2):
 PSYoungGen      total 22016K, used 21689K [0x00000000d5580000, 0x00000000d6c00000, 0x0000000100000000)
  eden space 20992K, 99% used [0x00000000d5580000,0x00000000d69fe6f8,0x00000000d6a00000)
  from space 1024K, 68% used [0x00000000d6b00000,0x00000000d6bb0000,0x00000000d6c00000)
  to   space 1024K, 0% used [0x00000000d6a00000,0x00000000d6a00000,0x00000000d6b00000)
 ParOldGen       total 84480K, used 84059K [0x0000000080000000, 0x0000000085280000, 0x00000000d5580000)
  object space 84480K, 99% used [0x0000000080000000,0x0000000085216c98,0x0000000085280000)
 Metaspace       used 57261K, committed 58688K, reserved 1114112K
  class space    used 6134K, committed 6784K, reserved 1048576K
}
Event: 11.746 GC heap after
{Heap after GC invocations=77 (full 2):
 PSYoungGen      total 22016K, used 752K [0x00000000d5580000, 0x00000000d6c00000, 0x0000000100000000)
  eden space 20992K, 0% used [0x00000000d5580000,0x00000000d5580000,0x00000000d6a00000)
  from space 1024K, 73% used [0x00000000d6a00000,0x00000000d6abc010,0x00000000d6b00000)
  to   space 1024K, 0% used [0x00000000d6b00000,0x00000000d6b00000,0x00000000d6c00000)
 ParOldGen       total 84992K, used 84546K [0x0000000080000000, 0x0000000085300000, 0x00000000d5580000)
  object space 84992K, 99% used [0x0000000080000000,0x0000000085290998,0x0000000085300000)
 Metaspace       used 57261K, committed 58688K, reserved 1114112K
  class space    used 6134K, committed 6784K, reserved 1048576K
}
Event: 11.781 GC heap before
{Heap before GC invocations=78 (full 2):
 PSYoungGen      total 22016K, used 21744K [0x00000000d5580000, 0x00000000d6c00000, 0x0000000100000000)
  eden space 20992K, 99% used [0x00000000d5580000,0x00000000d69ffff8,0x00000000d6a00000)
  from space 1024K, 73% used [0x00000000d6a00000,0x00000000d6abc010,0x00000000d6b00000)
  to   space 1024K, 0% used [0x00000000d6b00000,0x00000000d6b00000,0x00000000d6c00000)
 ParOldGen       total 84992K, used 84546K [0x0000000080000000, 0x0000000085300000, 0x00000000d5580000)
  object space 84992K, 99% used [0x0000000080000000,0x0000000085290998,0x0000000085300000)
 Metaspace       used 57264K, committed 58688K, reserved 1114112K
  class space    used 6134K, committed 6784K, reserved 1048576K
}
Event: 11.783 GC heap after
{Heap after GC invocations=78 (full 2):
 PSYoungGen      total 22016K, used 960K [0x00000000d5580000, 0x00000000d6c00000, 0x0000000100000000)
  eden space 20992K, 0% used [0x00000000d5580000,0x00000000d5580000,0x00000000d6a00000)
  from space 1024K, 93% used [0x00000000d6b00000,0x00000000d6bf0000,0x00000000d6c00000)
  to   space 1024K, 0% used [0x00000000d6a00000,0x00000000d6a00000,0x00000000d6b00000)
 ParOldGen       total 84992K, used 84942K [0x0000000080000000, 0x0000000085300000, 0x00000000d5580000)
  object space 84992K, 99% used [0x0000000080000000,0x00000000852f39a8,0x0000000085300000)
 Metaspace       used 57264K, committed 58688K, reserved 1114112K
  class space    used 6134K, committed 6784K, reserved 1048576K
}
Event: 11.845 GC heap before
{Heap before GC invocations=79 (full 2):
 PSYoungGen      total 22016K, used 21952K [0x00000000d5580000, 0x00000000d6c00000, 0x0000000100000000)
  eden space 20992K, 100% used [0x00000000d5580000,0x00000000d6a00000,0x00000000d6a00000)
  from space 1024K, 93% used [0x00000000d6b00000,0x00000000d6bf0000,0x00000000d6c00000)
  to   space 1024K, 0% used [0x00000000d6a00000,0x00000000d6a00000,0x00000000d6b00000)
 ParOldGen       total 84992K, used 84942K [0x0000000080000000, 0x0000000085300000, 0x00000000d5580000)
  object space 84992K, 99% used [0x0000000080000000,0x00000000852f39a8,0x0000000085300000)
 Metaspace       used 57277K, committed 58688K, reserved 1114112K
  class space    used 6134K, committed 6784K, reserved 1048576K
}
Event: 11.847 GC heap after
{Heap after GC invocations=79 (full 2):
 PSYoungGen      total 22016K, used 512K [0x00000000d5580000, 0x00000000d6c00000, 0x0000000100000000)
  eden space 20992K, 0% used [0x00000000d5580000,0x00000000d5580000,0x00000000d6a00000)
  from space 1024K, 50% used [0x00000000d6a00000,0x00000000d6a80020,0x00000000d6b00000)
  to   space 1024K, 0% used [0x00000000d6b00000,0x00000000d6b00000,0x00000000d6c00000)
 ParOldGen       total 86016K, used 85606K [0x0000000080000000, 0x0000000085400000, 0x00000000d5580000)
  object space 86016K, 99% used [0x0000000080000000,0x00000000853999a8,0x0000000085400000)
 Metaspace       used 57277K, committed 58688K, reserved 1114112K
  class space    used 6134K, committed 6784K, reserved 1048576K
}
Event: 11.878 GC heap before
{Heap before GC invocations=80 (full 2):
 PSYoungGen      total 22016K, used 21504K [0x00000000d5580000, 0x00000000d6c00000, 0x0000000100000000)
  eden space 20992K, 100% used [0x00000000d5580000,0x00000000d6a00000,0x00000000d6a00000)
  from space 1024K, 50% used [0x00000000d6a00000,0x00000000d6a80020,0x00000000d6b00000)
  to   space 1024K, 0% used [0x00000000d6b00000,0x00000000d6b00000,0x00000000d6c00000)
 ParOldGen       total 86016K, used 85606K [0x0000000080000000, 0x0000000085400000, 0x00000000d5580000)
  object space 86016K, 99% used [0x0000000080000000,0x00000000853999a8,0x0000000085400000)
 Metaspace       used 57287K, committed 58688K, reserved 1114112K
  class space    used 6134K, committed 6784K, reserved 1048576K
}
Event: 11.882 GC heap after
{Heap after GC invocations=80 (full 2):
 PSYoungGen      total 21504K, used 976K [0x00000000d5580000, 0x00000000d6d00000, 0x0000000100000000)
  eden space 20480K, 0% used [0x00000000d5580000,0x00000000d5580000,0x00000000d6980000)
  from space 1024K, 95% used [0x00000000d6b00000,0x00000000d6bf4030,0x00000000d6c00000)
  to   space 1536K, 0% used [0x00000000d6980000,0x00000000d6980000,0x00000000d6b00000)
 ParOldGen       total 86016K, used 85910K [0x0000000080000000, 0x0000000085400000, 0x00000000d5580000)
  object space 86016K, 99% used [0x0000000080000000,0x00000000853e59a8,0x0000000085400000)
 Metaspace       used 57287K, committed 58688K, reserved 1114112K
  class space    used 6134K, committed 6784K, reserved 1048576K
}
Event: 11.924 GC heap before
{Heap before GC invocations=81 (full 2):
 PSYoungGen      total 21504K, used 21456K [0x00000000d5580000, 0x00000000d6d00000, 0x0000000100000000)
  eden space 20480K, 100% used [0x00000000d5580000,0x00000000d6980000,0x00000000d6980000)
  from space 1024K, 95% used [0x00000000d6b00000,0x00000000d6bf4030,0x00000000d6c00000)
  to   space 1536K, 0% used [0x00000000d6980000,0x00000000d6980000,0x00000000d6b00000)
 ParOldGen       total 86016K, used 85910K [0x0000000080000000, 0x0000000085400000, 0x00000000d5580000)
  object space 86016K, 99% used [0x0000000080000000,0x00000000853e59a8,0x0000000085400000)
 Metaspace       used 57324K, committed 58752K, reserved 1114112K
  class space    used 6134K, committed 6784K, reserved 1048576K
}
Event: 11.928 GC heap after
{Heap after GC invocations=81 (full 2):
 PSYoungGen      total 21504K, used 976K [0x00000000d5580000, 0x00000000d6b80000, 0x0000000100000000)
  eden space 20480K, 0% used [0x00000000d5580000,0x00000000d5580000,0x00000000d6980000)
  from space 1024K, 95% used [0x00000000d6980000,0x00000000d6a74010,0x00000000d6a80000)
  to   space 1024K, 0% used [0x00000000d6a80000,0x00000000d6a80000,0x00000000d6b80000)
 ParOldGen       total 86528K, used 86438K [0x0000000080000000, 0x0000000085480000, 0x00000000d5580000)
  object space 86528K, 99% used [0x0000000080000000,0x00000000854699a8,0x0000000085480000)
 Metaspace       used 57324K, committed 58752K, reserved 1114112K
  class space    used 6134K, committed 6784K, reserved 1048576K
}
Event: 11.969 GC heap before
{Heap before GC invocations=82 (full 2):
 PSYoungGen      total 21504K, used 21456K [0x00000000d5580000, 0x00000000d6b80000, 0x0000000100000000)
  eden space 20480K, 100% used [0x00000000d5580000,0x00000000d6980000,0x00000000d6980000)
  from space 1024K, 95% used [0x00000000d6980000,0x00000000d6a74010,0x00000000d6a80000)
  to   space 1024K, 0% used [0x00000000d6a80000,0x00000000d6a80000,0x00000000d6b80000)
 ParOldGen       total 86528K, used 86438K [0x0000000080000000, 0x0000000085480000, 0x00000000d5580000)
  object space 86528K, 99% used [0x0000000080000000,0x00000000854699a8,0x0000000085480000)
 Metaspace       used 57337K, committed 58752K, reserved 1114112K
  class space    used 6134K, committed 6784K, reserved 1048576K
}
Event: 11.972 GC heap after
{Heap after GC invocations=82 (full 2):
 PSYoungGen      total 21504K, used 976K [0x00000000d5580000, 0x00000000d6b80000, 0x0000000100000000)
  eden space 20480K, 0% used [0x00000000d5580000,0x00000000d5580000,0x00000000d6980000)
  from space 1024K, 95% used [0x00000000d6a80000,0x00000000d6b74010,0x00000000d6b80000)
  to   space 1024K, 0% used [0x00000000d6980000,0x00000000d6980000,0x00000000d6a80000)
 ParOldGen       total 87552K, used 87118K [0x0000000080000000, 0x0000000085580000, 0x00000000d5580000)
  object space 87552K, 99% used [0x0000000080000000,0x00000000855139a8,0x0000000085580000)
 Metaspace       used 57337K, committed 58752K, reserved 1114112K
  class space    used 6134K, committed 6784K, reserved 1048576K
}
Event: 12.008 GC heap before
{Heap before GC invocations=83 (full 2):
 PSYoungGen      total 21504K, used 21456K [0x00000000d5580000, 0x00000000d6b80000, 0x0000000100000000)
  eden space 20480K, 100% used [0x00000000d5580000,0x00000000d6980000,0x00000000d6980000)
  from space 1024K, 95% used [0x00000000d6a80000,0x00000000d6b74010,0x00000000d6b80000)
  to   space 1024K, 0% used [0x00000000d6980000,0x00000000d6980000,0x00000000d6a80000)
 ParOldGen       total 87552K, used 87118K [0x0000000080000000, 0x0000000085580000, 0x00000000d5580000)
  object space 87552K, 99% used [0x0000000080000000,0x00000000855139a8,0x0000000085580000)
 Metaspace       used 57361K, committed 58752K, reserved 1114112K
  class space    used 6134K, committed 6784K, reserved 1048576K
}
Event: 12.013 GC heap after
{Heap after GC invocations=83 (full 2):
 PSYoungGen      total 21504K, used 768K [0x00000000d5580000, 0x00000000d6b80000, 0x0000000100000000)
  eden space 20480K, 0% used [0x00000000d5580000,0x00000000d5580000,0x00000000d6980000)
  from space 1024K, 75% used [0x00000000d6980000,0x00000000d6a40000,0x00000000d6a80000)
  to   space 1024K, 0% used [0x00000000d6a80000,0x00000000d6a80000,0x00000000d6b80000)
 ParOldGen       total 87552K, used 87422K [0x0000000080000000, 0x0000000085580000, 0x00000000d5580000)
  object space 87552K, 99% used [0x0000000080000000,0x000000008555f9a8,0x0000000085580000)
 Metaspace       used 57361K, committed 58752K, reserved 1114112K
  class space    used 6134K, committed 6784K, reserved 1048576K
}
Event: 12.037 GC heap before
{Heap before GC invocations=84 (full 2):
 PSYoungGen      total 21504K, used 21248K [0x00000000d5580000, 0x00000000d6b80000, 0x0000000100000000)
  eden space 20480K, 100% used [0x00000000d5580000,0x00000000d6980000,0x00000000d6980000)
  from space 1024K, 75% used [0x00000000d6980000,0x00000000d6a40000,0x00000000d6a80000)
  to   space 1024K, 0% used [0x00000000d6a80000,0x00000000d6a80000,0x00000000d6b80000)
 ParOldGen       total 87552K, used 87422K [0x0000000080000000, 0x0000000085580000, 0x00000000d5580000)
  object space 87552K, 99% used [0x0000000080000000,0x000000008555f9a8,0x0000000085580000)
 Metaspace       used 57371K, committed 58816K, reserved 1114112K
  class space    used 6134K, committed 6784K, reserved 1048576K
}
Event: 12.039 GC heap after
{Heap after GC invocations=84 (full 2):
 PSYoungGen      total 21504K, used 800K [0x00000000d5580000, 0x00000000d6b80000, 0x0000000100000000)
  eden space 20480K, 0% used [0x00000000d5580000,0x00000000d5580000,0x00000000d6980000)
  from space 1024K, 78% used [0x00000000d6a80000,0x00000000d6b48000,0x00000000d6b80000)
  to   space 1024K, 0% used [0x00000000d6980000,0x00000000d6980000,0x00000000d6a80000)
 ParOldGen       total 88064K, used 87878K [0x0000000080000000, 0x0000000085600000, 0x00000000d5580000)
  object space 88064K, 99% used [0x0000000080000000,0x00000000855d19a8,0x0000000085600000)
 Metaspace       used 57371K, committed 58816K, reserved 1114112K
  class space    used 6134K, committed 6784K, reserved 1048576K
}
Event: 12.092 GC heap before
{Heap before GC invocations=85 (full 2):
 PSYoungGen      total 21504K, used 21280K [0x00000000d5580000, 0x00000000d6b80000, 0x0000000100000000)
  eden space 20480K, 100% used [0x00000000d5580000,0x00000000d6980000,0x00000000d6980000)
  from space 1024K, 78% used [0x00000000d6a80000,0x00000000d6b48000,0x00000000d6b80000)
  to   space 1024K, 0% used [0x00000000d6980000,0x00000000d6980000,0x00000000d6a80000)
 ParOldGen       total 88064K, used 87878K [0x0000000080000000, 0x0000000085600000, 0x00000000d5580000)
  object space 88064K, 99% used [0x0000000080000000,0x00000000855d19a8,0x0000000085600000)
 Metaspace       used 57379K, committed 58816K, reserved 1114112K
  class space    used 6134K, committed 6784K, reserved 1048576K
}
Event: 12.099 GC heap after
{Heap after GC invocations=85 (full 2):
 PSYoungGen      total 21504K, used 736K [0x00000000d5580000, 0x00000000d6b80000, 0x0000000100000000)
  eden space 20480K, 0% used [0x00000000d5580000,0x00000000d5580000,0x00000000d6980000)
  from space 1024K, 71% used [0x00000000d6980000,0x00000000d6a38000,0x00000000d6a80000)
  to   space 1024K, 0% used [0x00000000d6a80000,0x00000000d6a80000,0x00000000d6b80000)
 ParOldGen       total 88576K, used 88423K [0x0000000080000000, 0x0000000085680000, 0x00000000d5580000)
  object space 88576K, 99% used [0x0000000080000000,0x0000000085659d10,0x0000000085680000)
 Metaspace       used 57379K, committed 58816K, reserved 1114112K
  class space    used 6134K, committed 6784K, reserved 1048576K
}
Event: 12.169 GC heap before
{Heap before GC invocations=86 (full 2):
 PSYoungGen      total 21504K, used 21216K [0x00000000d5580000, 0x00000000d6b80000, 0x0000000100000000)
  eden space 20480K, 100% used [0x00000000d5580000,0x00000000d6980000,0x00000000d6980000)
  from space 1024K, 71% used [0x00000000d6980000,0x00000000d6a38000,0x00000000d6a80000)
  to   space 1024K, 0% used [0x00000000d6a80000,0x00000000d6a80000,0x00000000d6b80000)
 ParOldGen       total 88576K, used 88423K [0x0000000080000000, 0x0000000085680000, 0x00000000d5580000)
  object space 88576K, 99% used [0x0000000080000000,0x0000000085659d10,0x0000000085680000)
 Metaspace       used 57390K, committed 58816K, reserved 1114112K
  class space    used 6134K, committed 6784K, reserved 1048576K
}
Event: 12.171 GC heap after
{Heap after GC invocations=86 (full 2):
 PSYoungGen      total 21504K, used 898K [0x00000000d5580000, 0x00000000d6b80000, 0x0000000100000000)
  eden space 20480K, 0% used [0x00000000d5580000,0x00000000d5580000,0x00000000d6980000)
  from space 1024K, 87% used [0x00000000d6a80000,0x00000000d6b60800,0x00000000d6b80000)
  to   space 1024K, 0% used [0x00000000d6980000,0x00000000d6980000,0x00000000d6a80000)
 ParOldGen       total 89088K, used 88935K [0x0000000080000000, 0x0000000085700000, 0x00000000d5580000)
  object space 89088K, 99% used [0x0000000080000000,0x00000000856d9d20,0x0000000085700000)
 Metaspace       used 57390K, committed 58816K, reserved 1114112K
  class space    used 6134K, committed 6784K, reserved 1048576K
}

