# JRE version: OpenJDK Runtime Environment Temurin-21.0.8+9 (21.0.8+9) (build 21.0.8+9-LTS)
# Java VM: OpenJDK 64-Bit Server VM Temurin-21.0.8+9 (21.0.8+9-LTS, mixed mode, sharing, tiered, compressed oops, compressed class ptrs, parallel gc, windows-amd64)
GC Precious Log:
 CardTable entry size: 512
 CPUs: 12 total, 12 available
 Memory: 7893M
 Large Page Support: Disabled
 NUMA Support: Disabled
 Compressed Oops: Enabled (32-bit)
 Alignments: Space 512K, Generation 512K, Heap 2M
 Heap Min Capacity: 100M
 Heap Initial Capacity: 100M
 Heap Max Capacity: 2G
 Pre-touch: Disabled
 Parallel Workers: 10
Heap:
 PSYoungGen      total 17408K, used 15886K [0x00000000d5580000, 0x00000000d6780000, 0x0000000100000000)
  eden space 16384K, 93% used [0x00000000d5580000,0x00000000d6483980,0x00000000d6580000)
  from space 1024K, 50% used [0x00000000d6580000,0x00000000d6600000,0x00000000d6680000)
  to   space 1024K, 0% used [0x00000000d6680000,0x00000000d6680000,0x00000000d6780000)
 ParOldGen       total 68608K, used 50016K [0x0000000080000000, 0x0000000084300000, 0x00000000d5580000)
  object space 68608K, 72% used [0x0000000080000000,0x00000000830d8020,0x0000000084300000)
 Metaspace       used 54847K, committed 56256K, reserved 1114112K
  class space    used 6000K, committed 6656K, reserved 1048576K
GC Heap History (20 events):
Event: 12.195 GC heap before
{Heap before GC invocations=24 (full 2):
 PSYoungGen      total 17920K, used 17888K [0x00000000d5580000, 0x00000000d6c80000, 0x0000000100000000)
  eden space 16384K, 100% used [0x00000000d5580000,0x00000000d6580000,0x00000000d6580000)
  from space 1536K, 97% used [0x00000000d6a00000,0x00000000d6b78020,0x00000000d6b80000)
  to   space 1024K, 0% used [0x00000000d6b80000,0x00000000d6b80000,0x00000000d6c80000)
 ParOldGen       total 68608K, used 35498K [0x0000000080000000, 0x0000000084300000, 0x00000000d5580000)
  object space 68608K, 51% used [0x0000000080000000,0x00000000822aa9a8,0x0000000084300000)
 Metaspace       used 48158K, committed 49472K, reserved 1114112K
  class space    used 5262K, committed 5824K, reserved 1048576K
}
Event: 12.199 GC heap after
{Heap after GC invocations=24 (full 2):
 PSYoungGen      total 17408K, used 992K [0x00000000d5580000, 0x00000000d6c80000, 0x0000000100000000)
  eden space 16384K, 0% used [0x00000000d5580000,0x00000000d5580000,0x00000000d6580000)
  from space 1024K, 96% used [0x00000000d6b80000,0x00000000d6c78010,0x00000000d6c80000)
  to   space 3584K, 0% used [0x00000000d6580000,0x00000000d6580000,0x00000000d6900000)
 ParOldGen       total 68608K, used 37693K [0x0000000080000000, 0x0000000084300000, 0x00000000d5580000)
  object space 68608K, 54% used [0x0000000080000000,0x00000000824cf7b8,0x0000000084300000)
 Metaspace       used 48158K, committed 49472K, reserved 1114112K
  class space    used 5262K, committed 5824K, reserved 1048576K
}
Event: 12.299 GC heap before
{Heap before GC invocations=25 (full 2):
 PSYoungGen      total 17408K, used 17376K [0x00000000d5580000, 0x00000000d6c80000, 0x0000000100000000)
  eden space 16384K, 100% used [0x00000000d5580000,0x00000000d6580000,0x00000000d6580000)
  from space 1024K, 96% used [0x00000000d6b80000,0x00000000d6c78010,0x00000000d6c80000)
  to   space 3584K, 0% used [0x00000000d6580000,0x00000000d6580000,0x00000000d6900000)
 ParOldGen       total 68608K, used 37693K [0x0000000080000000, 0x0000000084300000, 0x00000000d5580000)
  object space 68608K, 54% used [0x0000000080000000,0x00000000824cf7b8,0x0000000084300000)
 Metaspace       used 48504K, committed 49856K, reserved 1114112K
  class space    used 5315K, committed 5888K, reserved 1048576K
}
Event: 12.302 GC heap after
{Heap after GC invocations=25 (full 2):
 PSYoungGen      total 19968K, used 2033K [0x00000000d5580000, 0x00000000d6c00000, 0x0000000100000000)
  eden space 16384K, 0% used [0x00000000d5580000,0x00000000d5580000,0x00000000d6580000)
  from space 3584K, 56% used [0x00000000d6580000,0x00000000d677c410,0x00000000d6900000)
  to   space 2560K, 0% used [0x00000000d6980000,0x00000000d6980000,0x00000000d6c00000)
 ParOldGen       total 68608K, used 38741K [0x0000000080000000, 0x0000000084300000, 0x00000000d5580000)
  object space 68608K, 56% used [0x0000000080000000,0x00000000825d57c8,0x0000000084300000)
 Metaspace       used 48504K, committed 49856K, reserved 1114112K
  class space    used 5315K, committed 5888K, reserved 1048576K
}
Event: 12.364 GC heap before
{Heap before GC invocations=26 (full 2):
 PSYoungGen      total 19968K, used 18417K [0x00000000d5580000, 0x00000000d6c00000, 0x0000000100000000)
  eden space 16384K, 100% used [0x00000000d5580000,0x00000000d6580000,0x00000000d6580000)
  from space 3584K, 56% used [0x00000000d6580000,0x00000000d677c410,0x00000000d6900000)
  to   space 2560K, 0% used [0x00000000d6980000,0x00000000d6980000,0x00000000d6c00000)
 ParOldGen       total 68608K, used 38741K [0x0000000080000000, 0x0000000084300000, 0x00000000d5580000)
  object space 68608K, 56% used [0x0000000080000000,0x00000000825d57c8,0x0000000084300000)
 Metaspace       used 48522K, committed 49856K, reserved 1114112K
  class space    used 5315K, committed 5888K, reserved 1048576K
}
Event: 12.368 GC heap after
{Heap after GC invocations=26 (full 2):
 PSYoungGen      total 18944K, used 2210K [0x00000000d5580000, 0x00000000d6c00000, 0x0000000100000000)
  eden space 16384K, 0% used [0x00000000d5580000,0x00000000d5580000,0x00000000d6580000)
  from space 2560K, 86% used [0x00000000d6980000,0x00000000d6ba8810,0x00000000d6c00000)
  to   space 2560K, 0% used [0x00000000d6700000,0x00000000d6700000,0x00000000d6980000)
 ParOldGen       total 68608K, used 40553K [0x0000000080000000, 0x0000000084300000, 0x00000000d5580000)
  object space 68608K, 59% used [0x0000000080000000,0x000000008279a4c0,0x0000000084300000)
 Metaspace       used 48522K, committed 49856K, reserved 1114112K
  class space    used 5315K, committed 5888K, reserved 1048576K
}
Event: 12.417 GC heap before
{Heap before GC invocations=27 (full 2):
 PSYoungGen      total 18944K, used 18594K [0x00000000d5580000, 0x00000000d6c00000, 0x0000000100000000)
  eden space 16384K, 100% used [0x00000000d5580000,0x00000000d6580000,0x00000000d6580000)
  from space 2560K, 86% used [0x00000000d6980000,0x00000000d6ba8810,0x00000000d6c00000)
  to   space 2560K, 0% used [0x00000000d6700000,0x00000000d6700000,0x00000000d6980000)
 ParOldGen       total 68608K, used 40553K [0x0000000080000000, 0x0000000084300000, 0x00000000d5580000)
  object space 68608K, 59% used [0x0000000080000000,0x000000008279a4c0,0x0000000084300000)
 Metaspace       used 48528K, committed 49856K, reserved 1114112K
  class space    used 5315K, committed 5888K, reserved 1048576K
}
Event: 12.424 GC heap after
{Heap after GC invocations=27 (full 2):
 PSYoungGen      total 18432K, used 1860K [0x00000000d5580000, 0x00000000d6a00000, 0x0000000100000000)
  eden space 16384K, 0% used [0x00000000d5580000,0x00000000d5580000,0x00000000d6580000)
  from space 2048K, 90% used [0x00000000d6700000,0x00000000d68d1000,0x00000000d6900000)
  to   space 1024K, 0% used [0x00000000d6900000,0x00000000d6900000,0x00000000d6a00000)
 ParOldGen       total 68608K, used 42543K [0x0000000080000000, 0x0000000084300000, 0x00000000d5580000)
  object space 68608K, 62% used [0x0000000080000000,0x000000008298be80,0x0000000084300000)
 Metaspace       used 48528K, committed 49856K, reserved 1114112K
  class space    used 5315K, committed 5888K, reserved 1048576K
}
Event: 12.480 GC heap before
{Heap before GC invocations=28 (full 2):
 PSYoungGen      total 18432K, used 18244K [0x00000000d5580000, 0x00000000d6a00000, 0x0000000100000000)
  eden space 16384K, 100% used [0x00000000d5580000,0x00000000d6580000,0x00000000d6580000)
  from space 2048K, 90% used [0x00000000d6700000,0x00000000d68d1000,0x00000000d6900000)
  to   space 1024K, 0% used [0x00000000d6900000,0x00000000d6900000,0x00000000d6a00000)
 ParOldGen       total 68608K, used 42543K [0x0000000080000000, 0x0000000084300000, 0x00000000d5580000)
  object space 68608K, 62% used [0x0000000080000000,0x000000008298be80,0x0000000084300000)
 Metaspace       used 48535K, committed 49856K, reserved 1114112K
  class space    used 5315K, committed 5888K, reserved 1048576K
}
Event: 12.484 GC heap after
{Heap after GC invocations=28 (full 2):
 PSYoungGen      total 17408K, used 1024K [0x00000000d5580000, 0x00000000d6c80000, 0x0000000100000000)
  eden space 16384K, 0% used [0x00000000d5580000,0x00000000d5580000,0x00000000d6580000)
  from space 1024K, 100% used [0x00000000d6900000,0x00000000d6a00000,0x00000000d6a00000)
  to   space 3584K, 0% used [0x00000000d6580000,0x00000000d6580000,0x00000000d6900000)
 ParOldGen       total 68608K, used 44839K [0x0000000080000000, 0x0000000084300000, 0x00000000d5580000)
  object space 68608K, 65% used [0x0000000080000000,0x0000000082bc9f80,0x0000000084300000)
 Metaspace       used 48535K, committed 49856K, reserved 1114112K
  class space    used 5315K, committed 5888K, reserved 1048576K
}
Event: 12.552 GC heap before
{Heap before GC invocations=29 (full 2):
 PSYoungGen      total 17408K, used 17408K [0x00000000d5580000, 0x00000000d6c80000, 0x0000000100000000)
  eden space 16384K, 100% used [0x00000000d5580000,0x00000000d6580000,0x00000000d6580000)
  from space 1024K, 100% used [0x00000000d6900000,0x00000000d6a00000,0x00000000d6a00000)
  to   space 3584K, 0% used [0x00000000d6580000,0x00000000d6580000,0x00000000d6900000)
 ParOldGen       total 68608K, used 44839K [0x0000000080000000, 0x0000000084300000, 0x00000000d5580000)
  object space 68608K, 65% used [0x0000000080000000,0x0000000082bc9f80,0x0000000084300000)
 Metaspace       used 48565K, committed 49920K, reserved 1114112K
  class space    used 5316K, committed 5888K, reserved 1048576K
}
Event: 12.556 GC heap after
{Heap after GC invocations=29 (full 2):
 PSYoungGen      total 18432K, used 1888K [0x00000000d5580000, 0x00000000d6a80000, 0x0000000100000000)
  eden space 16384K, 0% used [0x00000000d5580000,0x00000000d5580000,0x00000000d6580000)
  from space 2048K, 92% used [0x00000000d6580000,0x00000000d6758010,0x00000000d6780000)
  to   space 2560K, 0% used [0x00000000d6800000,0x00000000d6800000,0x00000000d6a80000)
 ParOldGen       total 68608K, used 45919K [0x0000000080000000, 0x0000000084300000, 0x00000000d5580000)
  object space 68608K, 66% used [0x0000000080000000,0x0000000082cd7f80,0x0000000084300000)
 Metaspace       used 48565K, committed 49920K, reserved 1114112K
  class space    used 5316K, committed 5888K, reserved 1048576K
}
Event: 12.626 GC heap before
{Heap before GC invocations=30 (full 2):
 PSYoungGen      total 18432K, used 18272K [0x00000000d5580000, 0x00000000d6a80000, 0x0000000100000000)
  eden space 16384K, 100% used [0x00000000d5580000,0x00000000d6580000,0x00000000d6580000)
  from space 2048K, 92% used [0x00000000d6580000,0x00000000d6758010,0x00000000d6780000)
  to   space 2560K, 0% used [0x00000000d6800000,0x00000000d6800000,0x00000000d6a80000)
 ParOldGen       total 68608K, used 45919K [0x0000000080000000, 0x0000000084300000, 0x00000000d5580000)
  object space 68608K, 66% used [0x0000000080000000,0x0000000082cd7f80,0x0000000084300000)
 Metaspace       used 48635K, committed 49920K, reserved 1114112K
  class space    used 5326K, committed 5888K, reserved 1048576K
}
Event: 12.630 GC heap after
{Heap after GC invocations=30 (full 2):
 PSYoungGen      total 18432K, used 1894K [0x00000000d5580000, 0x00000000d6a00000, 0x0000000100000000)
  eden space 16384K, 0% used [0x00000000d5580000,0x00000000d5580000,0x00000000d6580000)
  from space 2048K, 92% used [0x00000000d6800000,0x00000000d69d9a88,0x00000000d6a00000)
  to   space 2048K, 0% used [0x00000000d6580000,0x00000000d6580000,0x00000000d6780000)
 ParOldGen       total 68608K, used 47679K [0x0000000080000000, 0x0000000084300000, 0x00000000d5580000)
  object space 68608K, 69% used [0x0000000080000000,0x0000000082e8ff90,0x0000000084300000)
 Metaspace       used 48635K, committed 49920K, reserved 1114112K
  class space    used 5326K, committed 5888K, reserved 1048576K
}
Event: 12.893 GC heap before
{Heap before GC invocations=31 (full 2):
 PSYoungGen      total 18432K, used 18278K [0x00000000d5580000, 0x00000000d6a00000, 0x0000000100000000)
  eden space 16384K, 100% used [0x00000000d5580000,0x00000000d6580000,0x00000000d6580000)
  from space 2048K, 92% used [0x00000000d6800000,0x00000000d69d9a88,0x00000000d6a00000)
  to   space 2048K, 0% used [0x00000000d6580000,0x00000000d6580000,0x00000000d6780000)
 ParOldGen       total 68608K, used 47679K [0x0000000080000000, 0x0000000084300000, 0x00000000d5580000)
  object space 68608K, 69% used [0x0000000080000000,0x0000000082e8ff90,0x0000000084300000)
 Metaspace       used 50422K, committed 51776K, reserved 1114112K
  class space    used 5558K, committed 6144K, reserved 1048576K
}
Event: 12.895 GC heap after
{Heap after GC invocations=31 (full 2):
 PSYoungGen      total 17408K, used 820K [0x00000000d5580000, 0x00000000d6880000, 0x0000000100000000)
  eden space 16384K, 0% used [0x00000000d5580000,0x00000000d5580000,0x00000000d6580000)
  from space 1024K, 80% used [0x00000000d6580000,0x00000000d664d3d8,0x00000000d6680000)
  to   space 1536K, 0% used [0x00000000d6700000,0x00000000d6700000,0x00000000d6880000)
 ParOldGen       total 68608K, used 49149K [0x0000000080000000, 0x0000000084300000, 0x00000000d5580000)
  object space 68608K, 71% used [0x0000000080000000,0x0000000082fff418,0x0000000084300000)
 Metaspace       used 50422K, committed 51776K, reserved 1114112K
  class space    used 5558K, committed 6144K, reserved 1048576K
}
Event: 13.119 GC heap before
{Heap before GC invocations=32 (full 2):
 PSYoungGen      total 17408K, used 17204K [0x00000000d5580000, 0x00000000d6880000, 0x0000000100000000)
  eden space 16384K, 100% used [0x00000000d5580000,0x00000000d6580000,0x00000000d6580000)
  from space 1024K, 80% used [0x00000000d6580000,0x00000000d664d3d8,0x00000000d6680000)
  to   space 1536K, 0% used [0x00000000d6700000,0x00000000d6700000,0x00000000d6880000)
 ParOldGen       total 68608K, used 49149K [0x0000000080000000, 0x0000000084300000, 0x00000000d5580000)
  object space 68608K, 71% used [0x0000000080000000,0x0000000082fff418,0x0000000084300000)
 Metaspace       used 51132K, committed 52480K, reserved 1114112K
  class space    used 5649K, committed 6272K, reserved 1048576K
}
Event: 13.120 GC heap after
{Heap after GC invocations=32 (full 2):
 PSYoungGen      total 16896K, used 352K [0x00000000d5580000, 0x00000000d6780000, 0x0000000100000000)
  eden space 16384K, 0% used [0x00000000d5580000,0x00000000d5580000,0x00000000d6580000)
  from space 512K, 68% used [0x00000000d6700000,0x00000000d6758000,0x00000000d6780000)
  to   space 1024K, 0% used [0x00000000d6580000,0x00000000d6580000,0x00000000d6680000)
 ParOldGen       total 68608K, used 49784K [0x0000000080000000, 0x0000000084300000, 0x00000000d5580000)
  object space 68608K, 72% used [0x0000000080000000,0x000000008309e020,0x0000000084300000)
 Metaspace       used 51132K, committed 52480K, reserved 1114112K
  class space    used 5649K, committed 6272K, reserved 1048576K
}
Event: 13.367 GC heap before
{Heap before GC invocations=33 (full 2):
 PSYoungGen      total 16896K, used 16736K [0x00000000d5580000, 0x00000000d6780000, 0x0000000100000000)
  eden space 16384K, 100% used [0x00000000d5580000,0x00000000d6580000,0x00000000d6580000)
  from space 512K, 68% used [0x00000000d6700000,0x00000000d6758000,0x00000000d6780000)
  to   space 1024K, 0% used [0x00000000d6580000,0x00000000d6580000,0x00000000d6680000)
 ParOldGen       total 68608K, used 49784K [0x0000000080000000, 0x0000000084300000, 0x00000000d5580000)
  object space 68608K, 72% used [0x0000000080000000,0x000000008309e020,0x0000000084300000)
 Metaspace       used 52807K, committed 54272K, reserved 1114112K
  class space    used 5800K, committed 6464K, reserved 1048576K
}
Event: 13.368 GC heap after
{Heap after GC invocations=33 (full 2):
 PSYoungGen      total 17408K, used 512K [0x00000000d5580000, 0x00000000d6780000, 0x0000000100000000)
  eden space 16384K, 0% used [0x00000000d5580000,0x00000000d5580000,0x00000000d6580000)
  from space 1024K, 50% used [0x00000000d6580000,0x00000000d6600000,0x00000000d6680000)
  to   space 1024K, 0% used [0x00000000d6680000,0x00000000d6680000,0x00000000d6780000)
 ParOldGen       total 68608K, used 50016K [0x0000000080000000, 0x0000000084300000, 0x00000000d5580000)
  object space 68608K, 72% used [0x0000000080000000,0x00000000830d8020,0x0000000084300000)
 Metaspace       used 52807K, committed 54272K, reserved 1114112K
  class space    used 5800K, committed 6464K, reserved 1048576K
}

