# JRE version: Java(TM) SE Runtime Environment (17.0.10+11) (build 17.0.10+11-LTS-240)
# Java VM: Java HotSpot(TM) 64-Bit Server VM (17.0.10+11-LTS-240, mixed mode, sharing, tiered, compressed oops, compressed class ptrs, g1 gc, windows-amd64)
GC Precious Log:
 CPUs: 12 total, 12 available
 Memory: 7893M
 Large Page Support: Disabled
 NUMA Support: Disabled
 Compressed Oops: Enabled (32-bit)
 Heap Region Size: 1M
 Heap Min Capacity: 8M
 Heap Initial Capacity: 124M
 Heap Max Capacity: 1974M
 Pre-touch: Disabled
 Parallel Workers: 10
 Concurrent Workers: 3
 Concurrent Refinement Workers: 10
 Periodic GC: Disabled
Heap:
 garbage-first heap   total 134144K, used 51200K [0x0000000084a00000, 0x0000000100000000)
  region size 1024K, 4 young (4096K), 4 survivors (4096K)
 Metaspace       used 27043K, committed 27328K, reserved 1114112K
  class space    used 3065K, committed 3200K, reserved 1048576K
GC Heap History (15 events):
Event: 0.673 GC heap before
{Heap before GC invocations=0 (full 0):
 garbage-first heap   total 126976K, used 22528K [0x0000000084a00000, 0x0000000100000000)
  region size 1024K, 23 young (23552K), 0 survivors (0K)
 Metaspace       used 5517K, committed 5696K, reserved 1114112K
  class space    used 660K, committed 768K, reserved 1048576K
}
Event: 0.677 GC heap after
{Heap after GC invocations=1 (full 0):
 garbage-first heap   total 126976K, used 3808K [0x0000000084a00000, 0x0000000100000000)
  region size 1024K, 3 young (3072K), 3 survivors (3072K)
 Metaspace       used 5517K, committed 5696K, reserved 1114112K
  class space    used 660K, committed 768K, reserved 1048576K
}
Event: 1.094 GC heap before
{Heap before GC invocations=1 (full 0):
 garbage-first heap   total 126976K, used 35552K [0x0000000084a00000, 0x0000000100000000)
  region size 1024K, 34 young (34816K), 3 survivors (3072K)
 Metaspace       used 10433K, committed 10560K, reserved 1114112K
  class space    used 1277K, committed 1344K, reserved 1048576K
}
Event: 1.101 GC heap after
{Heap after GC invocations=2 (full 0):
 garbage-first heap   total 126976K, used 6120K [0x0000000084a00000, 0x0000000100000000)
  region size 1024K, 3 young (3072K), 3 survivors (3072K)
 Metaspace       used 10433K, committed 10560K, reserved 1114112K
  class space    used 1277K, committed 1344K, reserved 1048576K
}
Event: 2.437 GC heap before
{Heap before GC invocations=2 (full 0):
 garbage-first heap   total 126976K, used 78824K [0x0000000084a00000, 0x0000000100000000)
  region size 1024K, 74 young (75776K), 3 survivors (3072K)
 Metaspace       used 15500K, committed 15744K, reserved 1114112K
  class space    used 1832K, committed 1920K, reserved 1048576K
}
Event: 2.449 GC heap after
{Heap after GC invocations=3 (full 0):
 garbage-first heap   total 126976K, used 13228K [0x0000000084a00000, 0x0000000100000000)
  region size 1024K, 10 young (10240K), 10 survivors (10240K)
 Metaspace       used 15500K, committed 15744K, reserved 1114112K
  class space    used 1832K, committed 1920K, reserved 1048576K
}
Event: 3.366 GC heap before
{Heap before GC invocations=3 (full 0):
 garbage-first heap   total 126976K, used 78764K [0x0000000084a00000, 0x0000000100000000)
  region size 1024K, 74 young (75776K), 10 survivors (10240K)
 Metaspace       used 16136K, committed 16320K, reserved 1114112K
  class space    used 1843K, committed 1920K, reserved 1048576K
}
Event: 3.378 GC heap after
{Heap after GC invocations=4 (full 0):
 garbage-first heap   total 126976K, used 18391K [0x0000000084a00000, 0x0000000100000000)
  region size 1024K, 6 young (6144K), 6 survivors (6144K)
 Metaspace       used 16136K, committed 16320K, reserved 1114112K
  class space    used 1843K, committed 1920K, reserved 1048576K
}
Event: 4.556 GC heap before
{Heap before GC invocations=4 (full 0):
 garbage-first heap   total 126976K, used 74711K [0x0000000084a00000, 0x0000000100000000)
  region size 1024K, 57 young (58368K), 6 survivors (6144K)
 Metaspace       used 21252K, committed 21504K, reserved 1114112K
  class space    used 2459K, committed 2624K, reserved 1048576K
}
Event: 4.567 GC heap after
{Heap after GC invocations=5 (full 0):
 garbage-first heap   total 126976K, used 28672K [0x0000000084a00000, 0x0000000100000000)
  region size 1024K, 6 young (6144K), 6 survivors (6144K)
 Metaspace       used 21252K, committed 21504K, reserved 1114112K
  class space    used 2459K, committed 2624K, reserved 1048576K
}
Event: 5.166 GC heap before
{Heap before GC invocations=6 (full 0):
 garbage-first heap   total 99328K, used 81920K [0x0000000084a00000, 0x0000000100000000)
  region size 1024K, 58 young (59392K), 6 survivors (6144K)
 Metaspace       used 26086K, committed 26432K, reserved 1114112K
  class space    used 2983K, committed 3136K, reserved 1048576K
}
Event: 5.186 GC heap after
{Heap after GC invocations=7 (full 0):
 garbage-first heap   total 106496K, used 44544K [0x0000000084a00000, 0x0000000100000000)
  region size 1024K, 8 young (8192K), 8 survivors (8192K)
 Metaspace       used 26086K, committed 26432K, reserved 1114112K
  class space    used 2983K, committed 3136K, reserved 1048576K
}
Event: 5.202 GC heap before
{Heap before GC invocations=7 (full 0):
 garbage-first heap   total 106496K, used 45568K [0x0000000084a00000, 0x0000000100000000)
  region size 1024K, 9 young (9216K), 8 survivors (8192K)
 Metaspace       used 26207K, committed 26496K, reserved 1114112K
  class space    used 2998K, committed 3136K, reserved 1048576K
}
Event: 5.209 GC heap after
{Heap after GC invocations=8 (full 0):
 garbage-first heap   total 106496K, used 45568K [0x0000000084a00000, 0x0000000100000000)
  region size 1024K, 1 young (1024K), 1 survivors (1024K)
 Metaspace       used 26207K, committed 26496K, reserved 1114112K
  class space    used 2998K, committed 3136K, reserved 1048576K
}
Event: 5.432 GC heap before
{Heap before GC invocations=8 (full 0):
 garbage-first heap   total 106496K, used 76288K [0x0000000084a00000, 0x0000000100000000)
  region size 1024K, 31 young (31744K), 1 survivors (1024K)
 Metaspace       used 27043K, committed 27328K, reserved 1114112K
  class space    used 3065K, committed 3200K, reserved 1048576K
}

