# JRE version: OpenJDK Runtime Environment Temurin-21.0.8+9 (21.0.8+9) (build 21.0.8+9-LTS)
# Java VM: OpenJDK 64-Bit Server VM Temurin-21.0.8+9 (21.0.8+9-LTS, mixed mode, sharing, tiered, compressed oops, compressed class ptrs, parallel gc, windows-amd64)
GC Precious Log:
 CardTable entry size: 512
 CPUs: 12 total, 12 available
 Memory: 7893M
 Large Page Support: Disabled
 NUMA Support: Disabled
 Compressed Oops: Enabled (32-bit)
 Alignments: Space 512K, Generation 512K, Heap 2M
 Heap Min Capacity: 100M
 Heap Initial Capacity: 100M
 Heap Max Capacity: 2G
 Pre-touch: Disabled
 Parallel Workers: 10
Heap:
 PSYoungGen      total 19968K, used 8132K [0x00000000d5580000, 0x00000000d6d80000, 0x0000000100000000)
  eden space 18944K, 39% used [0x00000000d5580000,0x00000000d5ccc300,0x00000000d6800000)
  from space 1024K, 64% used [0x00000000d6b80000,0x00000000d6c24d60,0x00000000d6c80000)
  to   space 1024K, 0% used [0x00000000d6c80000,0x00000000d6c80000,0x00000000d6d80000)
 ParOldGen       total 68608K, used 28941K [0x0000000080000000, 0x0000000084300000, 0x00000000d5580000)
  object space 68608K, 42% used [0x0000000080000000,0x0000000081c435b8,0x0000000084300000)
 Metaspace       used 37837K, committed 38784K, reserved 1114112K
  class space    used 3875K, committed 4288K, reserved 1048576K
GC Heap History (20 events):
Event: 23.059 GC heap before
{Heap before GC invocations=12 (full 1):
 PSYoungGen      total 25600K, used 25335K [0x00000000d5580000, 0x00000000d7400000, 0x0000000100000000)
  eden space 22528K, 100% used [0x00000000d5580000,0x00000000d6b80000,0x00000000d6b80000)
  from space 3072K, 91% used [0x00000000d7100000,0x00000000d73bdcf8,0x00000000d7400000)
  to   space 3584K, 0% used [0x00000000d6d00000,0x00000000d6d00000,0x00000000d7080000)
 ParOldGen       total 68608K, used 13366K [0x0000000080000000, 0x0000000084300000, 0x00000000d5580000)
  object space 68608K, 19% used [0x0000000080000000,0x0000000080d0d938,0x0000000084300000)
 Metaspace       used 32262K, committed 33344K, reserved 1114112K
  class space    used 3294K, committed 3776K, reserved 1048576K
}
Event: 23.066 GC heap after
{Heap after GC invocations=12 (full 1):
 PSYoungGen      total 25088K, used 2673K [0x00000000d5580000, 0x00000000d7180000, 0x0000000100000000)
  eden space 22016K, 0% used [0x00000000d5580000,0x00000000d5580000,0x00000000d6b00000)
  from space 3072K, 87% used [0x00000000d6d00000,0x00000000d6f9c410,0x00000000d7000000)
  to   space 1536K, 0% used [0x00000000d7000000,0x00000000d7000000,0x00000000d7180000)
 ParOldGen       total 68608K, used 16015K [0x0000000080000000, 0x0000000084300000, 0x00000000d5580000)
  object space 68608K, 23% used [0x0000000080000000,0x0000000080fa3f70,0x0000000084300000)
 Metaspace       used 32262K, committed 33344K, reserved 1114112K
  class space    used 3294K, committed 3776K, reserved 1048576K
}
Event: 23.155 GC heap before
{Heap before GC invocations=13 (full 1):
 PSYoungGen      total 25088K, used 24689K [0x00000000d5580000, 0x00000000d7180000, 0x0000000100000000)
  eden space 22016K, 100% used [0x00000000d5580000,0x00000000d6b00000,0x00000000d6b00000)
  from space 3072K, 87% used [0x00000000d6d00000,0x00000000d6f9c410,0x00000000d7000000)
  to   space 1536K, 0% used [0x00000000d7000000,0x00000000d7000000,0x00000000d7180000)
 ParOldGen       total 68608K, used 16015K [0x0000000080000000, 0x0000000084300000, 0x00000000d5580000)
  object space 68608K, 23% used [0x0000000080000000,0x0000000080fa3f70,0x0000000084300000)
 Metaspace       used 32646K, committed 33728K, reserved 1114112K
  class space    used 3364K, committed 3840K, reserved 1048576K
}
Event: 23.160 GC heap after
{Heap after GC invocations=13 (full 1):
 PSYoungGen      total 23040K, used 1504K [0x00000000d5580000, 0x00000000d7600000, 0x0000000100000000)
  eden space 21504K, 0% used [0x00000000d5580000,0x00000000d5580000,0x00000000d6a80000)
  from space 1536K, 97% used [0x00000000d7000000,0x00000000d7178080,0x00000000d7180000)
  to   space 5632K, 0% used [0x00000000d6a80000,0x00000000d6a80000,0x00000000d7000000)
 ParOldGen       total 68608K, used 19668K [0x0000000080000000, 0x0000000084300000, 0x00000000d5580000)
  object space 68608K, 28% used [0x0000000080000000,0x00000000813350b8,0x0000000084300000)
 Metaspace       used 32646K, committed 33728K, reserved 1114112K
  class space    used 3364K, committed 3840K, reserved 1048576K
}
Event: 23.235 GC heap before
{Heap before GC invocations=14 (full 1):
 PSYoungGen      total 23040K, used 23008K [0x00000000d5580000, 0x00000000d7600000, 0x0000000100000000)
  eden space 21504K, 100% used [0x00000000d5580000,0x00000000d6a80000,0x00000000d6a80000)
  from space 1536K, 97% used [0x00000000d7000000,0x00000000d7178080,0x00000000d7180000)
  to   space 5632K, 0% used [0x00000000d6a80000,0x00000000d6a80000,0x00000000d7000000)
 ParOldGen       total 68608K, used 19668K [0x0000000080000000, 0x0000000084300000, 0x00000000d5580000)
  object space 68608K, 28% used [0x0000000080000000,0x00000000813350b8,0x0000000084300000)
 Metaspace       used 32683K, committed 33792K, reserved 1114112K
  class space    used 3365K, committed 3840K, reserved 1048576K
}
Event: 23.240 GC heap after
{Heap after GC invocations=14 (full 1):
 PSYoungGen      total 24576K, used 2756K [0x00000000d5580000, 0x00000000d7280000, 0x0000000100000000)
  eden space 21504K, 0% used [0x00000000d5580000,0x00000000d5580000,0x00000000d6a80000)
  from space 3072K, 89% used [0x00000000d6a80000,0x00000000d6d31000,0x00000000d6d80000)
  to   space 4096K, 0% used [0x00000000d6e80000,0x00000000d6e80000,0x00000000d7280000)
 ParOldGen       total 68608K, used 21151K [0x0000000080000000, 0x0000000084300000, 0x00000000d5580000)
  object space 68608K, 30% used [0x0000000080000000,0x00000000814a7ea8,0x0000000084300000)
 Metaspace       used 32683K, committed 33792K, reserved 1114112K
  class space    used 3365K, committed 3840K, reserved 1048576K
}
Event: 23.308 GC heap before
{Heap before GC invocations=15 (full 1):
 PSYoungGen      total 24576K, used 24260K [0x00000000d5580000, 0x00000000d7280000, 0x0000000100000000)
  eden space 21504K, 100% used [0x00000000d5580000,0x00000000d6a80000,0x00000000d6a80000)
  from space 3072K, 89% used [0x00000000d6a80000,0x00000000d6d31000,0x00000000d6d80000)
  to   space 4096K, 0% used [0x00000000d6e80000,0x00000000d6e80000,0x00000000d7280000)
 ParOldGen       total 68608K, used 21151K [0x0000000080000000, 0x0000000084300000, 0x00000000d5580000)
  object space 68608K, 30% used [0x0000000080000000,0x00000000814a7ea8,0x0000000084300000)
 Metaspace       used 32739K, committed 33856K, reserved 1114112K
  class space    used 3365K, committed 3840K, reserved 1048576K
}
Event: 23.314 GC heap after
{Heap after GC invocations=15 (full 1):
 PSYoungGen      total 24064K, used 2368K [0x00000000d5580000, 0x00000000d7100000, 0x0000000100000000)
  eden space 21504K, 0% used [0x00000000d5580000,0x00000000d5580000,0x00000000d6a80000)
  from space 2560K, 92% used [0x00000000d6e80000,0x00000000d70d0000,0x00000000d7100000)
  to   space 3072K, 0% used [0x00000000d6b00000,0x00000000d6b00000,0x00000000d6e00000)
 ParOldGen       total 68608K, used 23778K [0x0000000080000000, 0x0000000084300000, 0x00000000d5580000)
  object space 68608K, 34% used [0x0000000080000000,0x0000000081738830,0x0000000084300000)
 Metaspace       used 32739K, committed 33856K, reserved 1114112K
  class space    used 3365K, committed 3840K, reserved 1048576K
}
Event: 23.419 GC heap before
{Heap before GC invocations=16 (full 1):
 PSYoungGen      total 24064K, used 23872K [0x00000000d5580000, 0x00000000d7100000, 0x0000000100000000)
  eden space 21504K, 100% used [0x00000000d5580000,0x00000000d6a80000,0x00000000d6a80000)
  from space 2560K, 92% used [0x00000000d6e80000,0x00000000d70d0000,0x00000000d7100000)
  to   space 3072K, 0% used [0x00000000d6b00000,0x00000000d6b00000,0x00000000d6e00000)
 ParOldGen       total 68608K, used 23778K [0x0000000080000000, 0x0000000084300000, 0x00000000d5580000)
  object space 68608K, 34% used [0x0000000080000000,0x0000000081738830,0x0000000084300000)
 Metaspace       used 32852K, committed 33984K, reserved 1114112K
  class space    used 3365K, committed 3840K, reserved 1048576K
}
Event: 23.424 GC heap after
{Heap after GC invocations=16 (full 1):
 PSYoungGen      total 24576K, used 2624K [0x00000000d5580000, 0x00000000d7080000, 0x0000000100000000)
  eden space 21504K, 0% used [0x00000000d5580000,0x00000000d5580000,0x00000000d6a80000)
  from space 3072K, 85% used [0x00000000d6b00000,0x00000000d6d90010,0x00000000d6e00000)
  to   space 2560K, 0% used [0x00000000d6e00000,0x00000000d6e00000,0x00000000d7080000)
 ParOldGen       total 68608K, used 26034K [0x0000000080000000, 0x0000000084300000, 0x00000000d5580000)
  object space 68608K, 37% used [0x0000000080000000,0x000000008196c830,0x0000000084300000)
 Metaspace       used 32852K, committed 33984K, reserved 1114112K
  class space    used 3365K, committed 3840K, reserved 1048576K
}
Event: 23.626 GC heap before
{Heap before GC invocations=17 (full 1):
 PSYoungGen      total 24576K, used 24128K [0x00000000d5580000, 0x00000000d7080000, 0x0000000100000000)
  eden space 21504K, 100% used [0x00000000d5580000,0x00000000d6a80000,0x00000000d6a80000)
  from space 3072K, 85% used [0x00000000d6b00000,0x00000000d6d90010,0x00000000d6e00000)
  to   space 2560K, 0% used [0x00000000d6e00000,0x00000000d6e00000,0x00000000d7080000)
 ParOldGen       total 68608K, used 26034K [0x0000000080000000, 0x0000000084300000, 0x00000000d5580000)
  object space 68608K, 37% used [0x0000000080000000,0x000000008196c830,0x0000000084300000)
 Metaspace       used 33158K, committed 34304K, reserved 1114112K
  class space    used 3404K, committed 3904K, reserved 1048576K
}
Event: 23.631 GC heap after
{Heap after GC invocations=17 (full 1):
 PSYoungGen      total 21504K, used 2536K [0x00000000d5580000, 0x00000000d7680000, 0x0000000100000000)
  eden space 18944K, 0% used [0x00000000d5580000,0x00000000d5580000,0x00000000d6800000)
  from space 2560K, 99% used [0x00000000d6e00000,0x00000000d707a230,0x00000000d7080000)
  to   space 6144K, 0% used [0x00000000d6800000,0x00000000d6800000,0x00000000d6e00000)
 ParOldGen       total 68608K, used 28906K [0x0000000080000000, 0x0000000084300000, 0x00000000d5580000)
  object space 68608K, 42% used [0x0000000080000000,0x0000000081c3a840,0x0000000084300000)
 Metaspace       used 33158K, committed 34304K, reserved 1114112K
  class space    used 3404K, committed 3904K, reserved 1048576K
}
Event: 23.901 GC heap before
{Heap before GC invocations=18 (full 1):
 PSYoungGen      total 21504K, used 14044K [0x00000000d5580000, 0x00000000d7680000, 0x0000000100000000)
  eden space 18944K, 60% used [0x00000000d5580000,0x00000000d60bd190,0x00000000d6800000)
  from space 2560K, 99% used [0x00000000d6e00000,0x00000000d707a230,0x00000000d7080000)
  to   space 6144K, 0% used [0x00000000d6800000,0x00000000d6800000,0x00000000d6e00000)
 ParOldGen       total 68608K, used 28906K [0x0000000080000000, 0x0000000084300000, 0x00000000d5580000)
  object space 68608K, 42% used [0x0000000080000000,0x0000000081c3a840,0x0000000084300000)
 Metaspace       used 34721K, committed 35840K, reserved 1114112K
  class space    used 3588K, committed 4096K, reserved 1048576K
}
Event: 23.904 GC heap after
{Heap after GC invocations=18 (full 1):
 PSYoungGen      total 19968K, used 901K [0x00000000d5580000, 0x00000000d6f80000, 0x0000000100000000)
  eden space 18944K, 0% used [0x00000000d5580000,0x00000000d5580000,0x00000000d6800000)
  from space 1024K, 88% used [0x00000000d6800000,0x00000000d68e1558,0x00000000d6900000)
  to   space 2560K, 0% used [0x00000000d6d00000,0x00000000d6d00000,0x00000000d6f80000)
 ParOldGen       total 68608K, used 30382K [0x0000000080000000, 0x0000000084300000, 0x00000000d5580000)
  object space 68608K, 44% used [0x0000000080000000,0x0000000081dabab0,0x0000000084300000)
 Metaspace       used 34721K, committed 35840K, reserved 1114112K
  class space    used 3588K, committed 4096K, reserved 1048576K
}
Event: 23.904 GC heap before
{Heap before GC invocations=19 (full 2):
 PSYoungGen      total 19968K, used 901K [0x00000000d5580000, 0x00000000d6f80000, 0x0000000100000000)
  eden space 18944K, 0% used [0x00000000d5580000,0x00000000d5580000,0x00000000d6800000)
  from space 1024K, 88% used [0x00000000d6800000,0x00000000d68e1558,0x00000000d6900000)
  to   space 2560K, 0% used [0x00000000d6d00000,0x00000000d6d00000,0x00000000d6f80000)
 ParOldGen       total 68608K, used 30382K [0x0000000080000000, 0x0000000084300000, 0x00000000d5580000)
  object space 68608K, 44% used [0x0000000080000000,0x0000000081dabab0,0x0000000084300000)
 Metaspace       used 34721K, committed 35840K, reserved 1114112K
  class space    used 3588K, committed 4096K, reserved 1048576K
}
Event: 23.958 GC heap after
{Heap after GC invocations=19 (full 2):
 PSYoungGen      total 19968K, used 0K [0x00000000d5580000, 0x00000000d6f80000, 0x0000000100000000)
  eden space 18944K, 0% used [0x00000000d5580000,0x00000000d5580000,0x00000000d6800000)
  from space 1024K, 0% used [0x00000000d6800000,0x00000000d6800000,0x00000000d6900000)
  to   space 2560K, 0% used [0x00000000d6d00000,0x00000000d6d00000,0x00000000d6f80000)
 ParOldGen       total 68608K, used 28663K [0x0000000080000000, 0x0000000084300000, 0x00000000d5580000)
  object space 68608K, 41% used [0x0000000080000000,0x0000000081bfdfd8,0x0000000084300000)
 Metaspace       used 34465K, committed 35840K, reserved 1114112K
  class space    used 3514K, committed 4096K, reserved 1048576K
}
Event: 24.244 GC heap before
{Heap before GC invocations=20 (full 2):
 PSYoungGen      total 19968K, used 18944K [0x00000000d5580000, 0x00000000d6f80000, 0x0000000100000000)
  eden space 18944K, 100% used [0x00000000d5580000,0x00000000d6800000,0x00000000d6800000)
  from space 1024K, 0% used [0x00000000d6800000,0x00000000d6800000,0x00000000d6900000)
  to   space 2560K, 0% used [0x00000000d6d00000,0x00000000d6d00000,0x00000000d6f80000)
 ParOldGen       total 68608K, used 28663K [0x0000000080000000, 0x0000000084300000, 0x00000000d5580000)
  object space 68608K, 41% used [0x0000000080000000,0x0000000081bfdfd8,0x0000000084300000)
 Metaspace       used 35594K, committed 36608K, reserved 1114112K
  class space    used 3627K, committed 4096K, reserved 1048576K
}
Event: 24.245 GC heap after
{Heap after GC invocations=20 (full 2):
 PSYoungGen      total 19456K, used 384K [0x00000000d5580000, 0x00000000d6d80000, 0x0000000100000000)
  eden space 18944K, 0% used [0x00000000d5580000,0x00000000d5580000,0x00000000d6800000)
  from space 512K, 75% used [0x00000000d6d00000,0x00000000d6d60000,0x00000000d6d80000)
  to   space 1024K, 0% used [0x00000000d6b80000,0x00000000d6b80000,0x00000000d6c80000)
 ParOldGen       total 68608K, used 28671K [0x0000000080000000, 0x0000000084300000, 0x00000000d5580000)
  object space 68608K, 41% used [0x0000000080000000,0x0000000081bfffd8,0x0000000084300000)
 Metaspace       used 35594K, committed 36608K, reserved 1114112K
  class space    used 3627K, committed 4096K, reserved 1048576K
}
Event: 24.600 GC heap before
{Heap before GC invocations=21 (full 2):
 PSYoungGen      total 19456K, used 19316K [0x00000000d5580000, 0x00000000d6d80000, 0x0000000100000000)
  eden space 18944K, 99% used [0x00000000d5580000,0x00000000d67fd328,0x00000000d6800000)
  from space 512K, 75% used [0x00000000d6d00000,0x00000000d6d60000,0x00000000d6d80000)
  to   space 1024K, 0% used [0x00000000d6b80000,0x00000000d6b80000,0x00000000d6c80000)
 ParOldGen       total 68608K, used 28701K [0x0000000080000000, 0x0000000084300000, 0x00000000d5580000)
  object space 68608K, 41% used [0x0000000080000000,0x0000000081c075b8,0x0000000084300000)
 Metaspace       used 37175K, committed 38208K, reserved 1114112K
  class space    used 3807K, committed 4224K, reserved 1048576K
}
Event: 24.602 GC heap after
{Heap after GC invocations=21 (full 2):
 PSYoungGen      total 19968K, used 659K [0x00000000d5580000, 0x00000000d6d80000, 0x0000000100000000)
  eden space 18944K, 0% used [0x00000000d5580000,0x00000000d5580000,0x00000000d6800000)
  from space 1024K, 64% used [0x00000000d6b80000,0x00000000d6c24d60,0x00000000d6c80000)
  to   space 1024K, 0% used [0x00000000d6c80000,0x00000000d6c80000,0x00000000d6d80000)
 ParOldGen       total 68608K, used 28941K [0x0000000080000000, 0x0000000084300000, 0x00000000d5580000)
  object space 68608K, 42% used [0x0000000080000000,0x0000000081c435b8,0x0000000084300000)
 Metaspace       used 37175K, committed 38208K, reserved 1114112K
  class space    used 3807K, committed 4224K, reserved 1048576K
}

